2014-04-30 21:46:07,233 [5] Orchard.Exceptions.DefaultExceptionPolicy - Default - An unexpected exception was caught
System.NullReferenceException: Ссылка на объект не указывает на экземпляр объекта.
   в PusdKop.Questionnaire.Controllers.HomeController.Index()
   в lambda_method(Closure , ControllerBase , Object[] )
   в System.Web.Mvc.ActionMethodDispatcher.Execute(ControllerBase controller, Object[] parameters)
   в System.Web.Mvc.ReflectedActionDescriptor.Execute(ControllerContext controllerContext, IDictionary`2 parameters)
   в System.Web.Mvc.ControllerActionInvoker.InvokeActionMethod(ControllerContext controllerContext, ActionDescriptor actionDescriptor, IDictionary`2 parameters)
   в System.Web.Mvc.Async.AsyncControllerActionInvoker.<BeginInvokeSynchronousActionMethod>b__39(IAsyncResult asyncResult, ActionInvocation innerInvokeState)
   в System.Web.Mvc.Async.AsyncResultWrapper.WrappedAsyncResult`2.CallEndDelegate(IAsyncResult asyncResult)
   в System.Web.Mvc.Async.AsyncResultWrapper.WrappedAsyncResultBase`1.End()
   в System.Web.Mvc.Async.AsyncControllerActionInvoker.EndInvokeActionMethod(IAsyncResult asyncResult)
   в System.Web.Mvc.Async.AsyncControllerActionInvoker.AsyncInvocationWithFilters.<InvokeActionMethodFilterAsynchronouslyRecursive>b__3f()
   в System.Web.Mvc.Async.AsyncControllerActionInvoker.AsyncInvocationWithFilters.<>c__DisplayClass48.<InvokeActionMethodFilterAsynchronouslyRecursive>b__41()
   в System.Web.Mvc.Async.AsyncControllerActionInvoker.AsyncInvocationWithFilters.<>c__DisplayClass48.<InvokeActionMethodFilterAsynchronouslyRecursive>b__41()
2014-04-30 21:47:51,711 [32] Orchard.Exceptions.DefaultExceptionPolicy - Default - An unexpected exception was caught
System.NullReferenceException: Ссылка на объект не указывает на экземпляр объекта.
   в PusdKop.Questionnaire.Controllers.HomeController.Index() в c:\Users\Jan\Dropbox\Orchard\src\Orchard.Web\Modules\PusdKop.Questionnaire\Controllers\HomeController.cs:строка 20
   в lambda_method(Closure , ControllerBase , Object[] )
   в System.Web.Mvc.ActionMethodDispatcher.Execute(ControllerBase controller, Object[] parameters)
   в System.Web.Mvc.ReflectedActionDescriptor.Execute(ControllerContext controllerContext, IDictionary`2 parameters)
   в System.Web.Mvc.ControllerActionInvoker.InvokeActionMethod(ControllerContext controllerContext, ActionDescriptor actionDescriptor, IDictionary`2 parameters)
   в System.Web.Mvc.Async.AsyncControllerActionInvoker.<BeginInvokeSynchronousActionMethod>b__39(IAsyncResult asyncResult, ActionInvocation innerInvokeState)
   в System.Web.Mvc.Async.AsyncResultWrapper.WrappedAsyncResult`2.CallEndDelegate(IAsyncResult asyncResult)
   в System.Web.Mvc.Async.AsyncResultWrapper.WrappedAsyncResultBase`1.End()
   в System.Web.Mvc.Async.AsyncControllerActionInvoker.EndInvokeActionMethod(IAsyncResult asyncResult)
   в System.Web.Mvc.Async.AsyncControllerActionInvoker.AsyncInvocationWithFilters.<InvokeActionMethodFilterAsynchronouslyRecursive>b__3f()
   в System.Web.Mvc.Async.AsyncControllerActionInvoker.AsyncInvocationWithFilters.<>c__DisplayClass48.<InvokeActionMethodFilterAsynchronouslyRecursive>b__41()
   в System.Web.Mvc.Async.AsyncControllerActionInvoker.AsyncInvocationWithFilters.<>c__DisplayClass48.<InvokeActionMethodFilterAsynchronouslyRecursive>b__41()
